archivers/7-zip
archivers/arj
archivers/dpkg
archivers/php-zstd@all
archivers/ppmd
archivers/rpm4
archivers/sharutils
archivers/unace
archivers/unarj
archivers/unrar
archivers/unrar-iconv
archivers/zstd
archivers/zutils
audio/alsa-sndio
audio/alsa-utils
converters/recode
devel/appstream-qt@all
devel/boost-all
devel/ccache
devel/cmake
devel/git
devel/qt5
devel/qt6
dns/bind-tools
dns/nss_mdns
dns/nss_resinit
editors/libreoffice
ftp/curl
ftp/wget
graphics/blender
graphics/digikam
irc/quassel
lang/php82-extensions
lang/python
lang/python2
lang/python27
lang/python3
mail/mutt
misc/freebsd-doc-all
misc/mc
net-im/telegram-desktop@all
net-p2p/ktorrent
net/kget
ports-mgmt/pkg-appstream
ports-mgmt/portconfig
ports-mgmt/portgrep
ports-mgmt/portlint
ports-mgmt/poudriere-devel
russian/aspell
russian/hunspell
russian/hyphen
russian/mythes
security/doas
security/gnupg
security/gnutls
security/keychain
security/nss
security/pinentry
security/pinentry-curses
security/pinentry-tty
security/sudo
shells/bash
shells/zsh
sysutils/htop
sysutils/tmux
sysutils/tmux-mem-cpu-load
textproc/en-aspell
textproc/en-hunspell
textproc/en-mythes
textproc/hyphen
textproc/py-pdftotext@all
www/apache24
www/elinks
www/links
www/lynx
www/mod_php82
x11/kde5
x11/kde6
x11/kdisplay
